<?xml version="1.0" encoding="UTF-8"?>
<testsuite xmlns:xsi="http://www.w3.org/2001/XMLSchema-instance" xsi:noNamespaceSchemaLocation="https://maven.apache.org/surefire/maven-surefire-plugin/xsd/surefire-test-report-3.0.xsd" version="3.0" name="runner.Testrunner" time="5.917" tests="2" errors="0" skipped="0" failures="0">
  <properties>
    <property name="java.specification.version" value="20"/>
    <property name="sun.cpu.isalist" value="amd64"/>
    <property name="sun.jnu.encoding" value="Cp1252"/>
    <property name="java.class.path" value="C:\Users\deepa\eclipse-workspace\CucumberRestAssured\target\test-classes;C:\Users\deepa\eclipse-workspace\CucumberRestAssured\target\classes;C:\Users\deepa\.m2\repository\io\cucumber\cucumber-java\7.15.0\cucumber-java-7.15.0.jar;C:\Users\deepa\.m2\repository\io\cucumber\cucumber-core\7.15.0\cucumber-core-7.15.0.jar;C:\Users\deepa\.m2\repository\io\cucumber\cucumber-gherkin\7.15.0\cucumber-gherkin-7.15.0.jar;C:\Users\deepa\.m2\repository\io\cucumber\cucumber-gherkin-messages\7.15.0\cucumber-gherkin-messages-7.15.0.jar;C:\Users\deepa\.m2\repository\io\cucumber\gherkin\26.2.0\gherkin-26.2.0.jar;C:\Users\deepa\.m2\repository\io\cucumber\messages\22.0.0\messages-22.0.0.jar;C:\Users\deepa\.m2\repository\io\cucumber\tag-expressions\6.0.0\tag-expressions-6.0.0.jar;C:\Users\deepa\.m2\repository\io\cucumber\cucumber-expressions\17.0.1\cucumber-expressions-17.0.1.jar;C:\Users\deepa\.m2\repository\io\cucumber\datatable\7.15.0\datatable-7.15.0.jar;C:\Users\deepa\.m2\repository\io\cucumber\cucumber-plugin\7.15.0\cucumber-plugin-7.15.0.jar;C:\Users\deepa\.m2\repository\io\cucumber\docstring\7.15.0\docstring-7.15.0.jar;C:\Users\deepa\.m2\repository\io\cucumber\html-formatter\20.4.0\html-formatter-20.4.0.jar;C:\Users\deepa\.m2\repository\io\cucumber\junit-xml-formatter\0.2.0\junit-xml-formatter-0.2.0.jar;C:\Users\deepa\.m2\repository\io\cucumber\ci-environment\10.0.0\ci-environment-10.0.0.jar;C:\Users\deepa\.m2\repository\org\apiguardian\apiguardian-api\1.1.2\apiguardian-api-1.1.2.jar;C:\Users\deepa\.m2\repository\io\rest-assured\rest-assured\5.2.1\rest-assured-5.2.1.jar;C:\Users\deepa\.m2\repository\org\apache\groovy\groovy\4.0.1\groovy-4.0.1.jar;C:\Users\deepa\.m2\repository\org\apache\groovy\groovy-xml\4.0.1\groovy-xml-4.0.1.jar;C:\Users\deepa\.m2\repository\org\apache\httpcomponents\httpclient\4.5.13\httpclient-4.5.13.jar;C:\Users\deepa\.m2\repository\org\apache\httpcomponents\httpcore\4.4.13\httpcore-4.4.13.jar;C:\Users\deepa\.m2\repository\commons-logging\commons-logging\1.2\commons-logging-1.2.jar;C:\Users\deepa\.m2\repository\commons-codec\commons-codec\1.11\commons-codec-1.11.jar;C:\Users\deepa\.m2\repository\org\apache\httpcomponents\httpmime\4.5.13\httpmime-4.5.13.jar;C:\Users\deepa\.m2\repository\org\hamcrest\hamcrest\2.1\hamcrest-2.1.jar;C:\Users\deepa\.m2\repository\org\ccil\cowan\tagsoup\tagsoup\1.2.1\tagsoup-1.2.1.jar;C:\Users\deepa\.m2\repository\io\rest-assured\json-path\5.2.1\json-path-5.2.1.jar;C:\Users\deepa\.m2\repository\org\apache\groovy\groovy-json\4.0.1\groovy-json-4.0.1.jar;C:\Users\deepa\.m2\repository\io\rest-assured\rest-assured-common\5.2.1\rest-assured-common-5.2.1.jar;C:\Users\deepa\.m2\repository\io\rest-assured\xml-path\5.2.1\xml-path-5.2.1.jar;C:\Users\deepa\.m2\repository\org\apache\commons\commons-lang3\3.11\commons-lang3-3.11.jar;C:\Users\deepa\.m2\repository\org\testng\testng\7.1.0\testng-7.1.0.jar;C:\Users\deepa\.m2\repository\com\beust\jcommander\1.72\jcommander-1.72.jar;C:\Users\deepa\.m2\repository\com\google\inject\guice\4.1.0\guice-4.1.0-no_aop.jar;C:\Users\deepa\.m2\repository\javax\inject\javax.inject\1\javax.inject-1.jar;C:\Users\deepa\.m2\repository\aopalliance\aopalliance\1.0\aopalliance-1.0.jar;C:\Users\deepa\.m2\repository\com\google\guava\guava\19.0\guava-19.0.jar;C:\Users\deepa\.m2\repository\org\yaml\snakeyaml\1.21\snakeyaml-1.21.jar;C:\Users\deepa\.m2\repository\io\cucumber\cucumber-testng\7.15.0\cucumber-testng-7.15.0.jar;"/>
    <property name="java.vm.vendor" value="Oracle Corporation"/>
    <property name="sun.arch.data.model" value="64"/>
    <property name="user.variant" value=""/>
    <property name="java.vendor.url" value="https://java.oracle.com/"/>
    <property name="user.timezone" value="Asia/Calcutta"/>
    <property name="os.name" value="Windows 11"/>
    <property name="java.vm.specification.version" value="20"/>
    <property name="sun.java.launcher" value="SUN_STANDARD"/>
    <property name="user.country" value="IN"/>
    <property name="sun.boot.library.path" value="C:\Program Files\Java\jdk-20\bin"/>
    <property name="sun.java.command" value="C:\Users\deepa\AppData\Local\Temp\surefire6876815551113880017\surefirebooter-20240131192222668_3.jar C:\Users\deepa\AppData\Local\Temp\surefire6876815551113880017 2024-01-31T19-22-22_047-jvmRun1 surefire-20240131192222668_1tmp surefire_0-20240131192222668_2tmp"/>
    <property name="jdk.debug" value="release"/>
    <property name="surefire.test.class.path" value="C:\Users\deepa\eclipse-workspace\CucumberRestAssured\target\test-classes;C:\Users\deepa\eclipse-workspace\CucumberRestAssured\target\classes;C:\Users\deepa\.m2\repository\io\cucumber\cucumber-java\7.15.0\cucumber-java-7.15.0.jar;C:\Users\deepa\.m2\repository\io\cucumber\cucumber-core\7.15.0\cucumber-core-7.15.0.jar;C:\Users\deepa\.m2\repository\io\cucumber\cucumber-gherkin\7.15.0\cucumber-gherkin-7.15.0.jar;C:\Users\deepa\.m2\repository\io\cucumber\cucumber-gherkin-messages\7.15.0\cucumber-gherkin-messages-7.15.0.jar;C:\Users\deepa\.m2\repository\io\cucumber\gherkin\26.2.0\gherkin-26.2.0.jar;C:\Users\deepa\.m2\repository\io\cucumber\messages\22.0.0\messages-22.0.0.jar;C:\Users\deepa\.m2\repository\io\cucumber\tag-expressions\6.0.0\tag-expressions-6.0.0.jar;C:\Users\deepa\.m2\repository\io\cucumber\cucumber-expressions\17.0.1\cucumber-expressions-17.0.1.jar;C:\Users\deepa\.m2\repository\io\cucumber\datatable\7.15.0\datatable-7.15.0.jar;C:\Users\deepa\.m2\repository\io\cucumber\cucumber-plugin\7.15.0\cucumber-plugin-7.15.0.jar;C:\Users\deepa\.m2\repository\io\cucumber\docstring\7.15.0\docstring-7.15.0.jar;C:\Users\deepa\.m2\repository\io\cucumber\html-formatter\20.4.0\html-formatter-20.4.0.jar;C:\Users\deepa\.m2\repository\io\cucumber\junit-xml-formatter\0.2.0\junit-xml-formatter-0.2.0.jar;C:\Users\deepa\.m2\repository\io\cucumber\ci-environment\10.0.0\ci-environment-10.0.0.jar;C:\Users\deepa\.m2\repository\org\apiguardian\apiguardian-api\1.1.2\apiguardian-api-1.1.2.jar;C:\Users\deepa\.m2\repository\io\rest-assured\rest-assured\5.2.1\rest-assured-5.2.1.jar;C:\Users\deepa\.m2\repository\org\apache\groovy\groovy\4.0.1\groovy-4.0.1.jar;C:\Users\deepa\.m2\repository\org\apache\groovy\groovy-xml\4.0.1\groovy-xml-4.0.1.jar;C:\Users\deepa\.m2\repository\org\apache\httpcomponents\httpclient\4.5.13\httpclient-4.5.13.jar;C:\Users\deepa\.m2\repository\org\apache\httpcomponents\httpcore\4.4.13\httpcore-4.4.13.jar;C:\Users\deepa\.m2\repository\commons-logging\commons-logging\1.2\commons-logging-1.2.jar;C:\Users\deepa\.m2\repository\commons-codec\commons-codec\1.11\commons-codec-1.11.jar;C:\Users\deepa\.m2\repository\org\apache\httpcomponents\httpmime\4.5.13\httpmime-4.5.13.jar;C:\Users\deepa\.m2\repository\org\hamcrest\hamcrest\2.1\hamcrest-2.1.jar;C:\Users\deepa\.m2\repository\org\ccil\cowan\tagsoup\tagsoup\1.2.1\tagsoup-1.2.1.jar;C:\Users\deepa\.m2\repository\io\rest-assured\json-path\5.2.1\json-path-5.2.1.jar;C:\Users\deepa\.m2\repository\org\apache\groovy\groovy-json\4.0.1\groovy-json-4.0.1.jar;C:\Users\deepa\.m2\repository\io\rest-assured\rest-assured-common\5.2.1\rest-assured-common-5.2.1.jar;C:\Users\deepa\.m2\repository\io\rest-assured\xml-path\5.2.1\xml-path-5.2.1.jar;C:\Users\deepa\.m2\repository\org\apache\commons\commons-lang3\3.11\commons-lang3-3.11.jar;C:\Users\deepa\.m2\repository\org\testng\testng\7.1.0\testng-7.1.0.jar;C:\Users\deepa\.m2\repository\com\beust\jcommander\1.72\jcommander-1.72.jar;C:\Users\deepa\.m2\repository\com\google\inject\guice\4.1.0\guice-4.1.0-no_aop.jar;C:\Users\deepa\.m2\repository\javax\inject\javax.inject\1\javax.inject-1.jar;C:\Users\deepa\.m2\repository\aopalliance\aopalliance\1.0\aopalliance-1.0.jar;C:\Users\deepa\.m2\repository\com\google\guava\guava\19.0\guava-19.0.jar;C:\Users\deepa\.m2\repository\org\yaml\snakeyaml\1.21\snakeyaml-1.21.jar;C:\Users\deepa\.m2\repository\io\cucumber\cucumber-testng\7.15.0\cucumber-testng-7.15.0.jar;"/>
    <property name="sun.cpu.endian" value="little"/>
    <property name="user.home" value="C:\Users\deepa"/>
    <property name="user.language" value="en"/>
    <property name="java.specification.vendor" value="Oracle Corporation"/>
    <property name="java.version.date" value="2023-04-18"/>
    <property name="java.home" value="C:\Program Files\Java\jdk-20"/>
    <property name="file.separator" value="\"/>
    <property name="basedir" value="C:\Users\deepa\eclipse-workspace\CucumberRestAssured"/>
    <property name="java.vm.compressedOopsMode" value="32-bit"/>
    <property name="line.separator" value="&#10;"/>
    <property name="java.vm.specification.vendor" value="Oracle Corporation"/>
    <property name="java.specification.name" value="Java Platform API Specification"/>
    <property name="surefire.real.class.path" value="C:\Users\deepa\AppData\Local\Temp\surefire6876815551113880017\surefirebooter-20240131192222668_3.jar"/>
    <property name="user.script" value=""/>
    <property name="sun.management.compiler" value="HotSpot 64-Bit Tiered Compilers"/>
    <property name="java.runtime.version" value="20.0.1+9-29"/>
    <property name="user.name" value="deepa"/>
    <property name="stdout.encoding" value="Cp1252"/>
    <property name="path.separator" value=";"/>
    <property name="os.version" value="10.0"/>
    <property name="java.runtime.name" value="Java(TM) SE Runtime Environment"/>
    <property name="file.encoding" value="UTF-8"/>
    <property name="java.vm.name" value="Java HotSpot(TM) 64-Bit Server VM"/>
    <property name="localRepository" value="C:\Users\deepa\.m2\repository"/>
    <property name="java.vendor.url.bug" value="https://bugreport.java.com/bugreport/"/>
    <property name="java.io.tmpdir" value="C:\Users\deepa\AppData\Local\Temp\"/>
    <property name="java.version" value="20.0.1"/>
    <property name="user.dir" value="C:\Users\deepa\eclipse-workspace\CucumberRestAssured"/>
    <property name="os.arch" value="amd64"/>
    <property name="java.vm.specification.name" value="Java Virtual Machine Specification"/>
    <property name="sun.os.patch.level" value=""/>
    <property name="native.encoding" value="Cp1252"/>
    <property name="java.library.path" value="C:\Program Files\Java\jdk-20\bin;C:\Windows\Sun\Java\bin;C:\Windows\system32;C:\Windows;C:\Program Files\Common Files\Oracle\Java\javapath;C:\Windows\system32;C:\Windows;C:\Windows\System32\Wbem;C:\Windows\System32\WindowsPowerShell\v1.0\;C:\Windows\System32\OpenSSH\;C:\Program Files\Java\jdk-20\bin;C:\Program Files\nodejs\;C:\Program Files\Java\jdk-20;C:\Program Files\Java\jdk-20\bin;C:\Program Files\apache-maven-3.9.3;C:\Program Files\apache-maven-3.9.3\bin;C:\Program Files\apache-maven-3.9.3\bin;C:\Program Files\apache-maven-3.9.3;C:\Program Files\apache-maven-3.9.3\bin;C:\Program Files\Git\cmd;C:\Program Files\Git\bin;C:\Program Files\Git\cmd;C:\Program Files\dotnet\;C:\Program Files\MySQL\MySQL Shell 8.0\bin\;C:\Users\deepa\AppData\Local\Microsoft\WindowsApps;C:\Users\deepa\AppData\Roaming\npm;C:\Users\deepa\.dotnet\tools;."/>
    <property name="java.vm.info" value="mixed mode, sharing"/>
    <property name="stderr.encoding" value="Cp1252"/>
    <property name="java.vendor" value="Oracle Corporation"/>
    <property name="java.vm.version" value="20.0.1+9-29"/>
    <property name="sun.io.unicode.encoding" value="UnicodeLittle"/>
    <property name="java.class.version" value="64.0"/>
  </properties>
  <testcase name="runScenario[&quot;Verify the get api for the products&quot;, &quot;Get all products from API&quot;](1)" classname="runner.Testrunner" time="2.253">
    <system-out><![CDATA[
@yourTag
Scenario: Verify the get api for the products             &amp#27;[90m# src/test/java/features/GetProduct.feature:5&amp#27;[0m
  &amp#27;[32mGiven &amp#27;[0m&amp#27;[32mI hit the url of the get products of api endpoint&amp#27;[0m &amp#27;[90m# stepDefinitions.productsStepdef.i_hit_the_url_of_the_get_products_of_api_endpoint()&amp#27;[0m
  &amp#27;[32mWhen &amp#27;[0m&amp#27;[32mI pass the the url of the products in the request&amp#27;[0m  &amp#27;[90m# stepDefinitions.productsStepdef.i_pass_the_the_url_of_the_products_in_the_request()&amp#27;[0m
  &amp#27;[32mThen &amp#27;[0m&amp#27;[32mI receive the response code as &amp#27;[0m&amp#27;[32m&amp#27;[1m200&amp#27;[0m                 &amp#27;[90m# stepDefinitions.productsStepdef.i_receive_the_response_code_as(java.lang.Integer)&amp#27;[0m
]]></system-out>
  </testcase>
  <testcase name="runScenario[&quot;Verify the rate of the first product is correct&quot;, &quot;Get all products from API&quot;](2)" classname="runner.Testrunner" time="2.76">
    <system-out><![CDATA[
Scenario Outline: Verify the rate of the first product is correct &amp#27;[90m# src/test/java/features/GetProduct.feature:19&amp#27;[0m
  &amp#27;[32mGiven &amp#27;[0m&amp#27;[32mI hit the url of the get products of api endpoint&amp#27;[0m         &amp#27;[90m# stepDefinitions.productsStepdef.i_hit_the_url_of_the_get_products_of_api_endpoint()&amp#27;[0m
  &amp#27;[32mWhen &amp#27;[0m&amp#27;[32mI pass the the url of the products in the request&amp#27;[0m          &amp#27;[90m# stepDefinitions.productsStepdef.i_pass_the_the_url_of_the_products_in_the_request()&amp#27;[0m
  &amp#27;[32mThen &amp#27;[0m&amp#27;[32mI verify that the rate of the first product is &amp#27;[0m&amp#27;[32m&amp#27;[1m3.9&amp#27;[0m         &amp#27;[90m# stepDefinitions.productsStepdef.i_verify_that_the_rate_of_the_first_product_is_first_product_rate(java.lang.String)&amp#27;[0m
]]></system-out>
  </testcase>
</testsuite>