<?xml version="1.0" encoding="UTF-8"?>
<!-- Generated by org.testng.reporters.JUnitReportReporter -->
<testsuite hostname="Asus-Vivobook-15" failures="0" tests="2" name="runner.Testrunner" time="6.434" errors="0" timestamp="2024-01-31T20:05:58 IST" skipped="0">
  <testcase classname="runner.Testrunner" name="runScenario" time="4.027"/>
  <system-out/>
  <testcase classname="runner.Testrunner" name="runScenario" time="2.407"/>
  <system-out/>
</testsuite> <!-- runner.Testrunner -->
