<?xml version="1.0" encoding="UTF-8"?>
<!-- Generated by org.testng.reporters.JUnitReportReporter -->
<testsuite hostname="Asus-Vivobook-15" failures="0" tests="2" name="runner.Testrunner" time="5.264" errors="0" timestamp="2024-01-31T19:21:06 IST" skipped="0">
  <testcase classname="runner.Testrunner" name="runScenario" time="2.015"/>
  <system-out/>
  <testcase classname="runner.Testrunner" name="runScenario" time="3.249"/>
  <system-out/>
</testsuite> <!-- runner.Testrunner -->
