<?xml version="1.0" encoding="UTF-8"?>
<!-- Generated by org.testng.reporters.JUnitReportReporter -->
<testsuite hostname="Asus-Vivobook-15" failures="0" tests="2" name="runner.Testrunner" time="5.017" errors="0" timestamp="2024-01-31T19:22:28 IST" skipped="0">
  <testcase classname="runner.Testrunner" name="runScenario" time="2.766"/>
  <system-out/>
  <testcase classname="runner.Testrunner" name="runScenario" time="2.251"/>
  <system-out/>
</testsuite> <!-- runner.Testrunner -->
